[35m[Appium][39m Welcome to Appium v1.22.3
[35m[Appium][39m Non-default server args:
[35m[Appium][39m   port: 61651
[35m[Appium][39m   loglevel: info
[35m[Appium][39m   tmpDir: C:\Users\ILHAMP~1\AppData\Local\Temp\\Katalon\Appium\Temp1692711202503
[35m[Appium][39m   chromedriverPort: 61652
[35m[Appium][39m Deprecated server args:
[35m[Appium][39m   [31m--chromedriver-port[39m => --default-capabilities
[35m[Appium][39m Default capabilities, which will be added to each request unless overridden by desired capabilities:
[35m[Appium][39m   chromedriverPort: 61652
[35m[Appium][39m Appium REST http interface listener started on 0.0.0.0:61651
[35m[HTTP][39m [37m-->[39m [37mGET[39m [37m/wd/hub/status[39m
[35m[HTTP][39m [90m{}[39m
[35m[HTTP][39m [37m<-- GET /wd/hub/status [39m[32m200[39m [90m12 ms - 68[39m
[35m[HTTP][39m [90m[39m
[35m[HTTP][39m [37m-->[39m [37mGET[39m [37m/wd/hub/status[39m
[35m[HTTP][39m [90m{}[39m
[35m[HTTP][39m [37m<-- GET /wd/hub/status [39m[32m200[39m [90m2 ms - 68[39m
[35m[HTTP][39m [90m[39m
[35m[HTTP][39m [37m-->[39m [37mPOST[39m [37m/wd/hub/session[39m
[35m[HTTP][39m [90m{"desiredCapabilities":{"appActivity":".Settings","appPackage":"com.android.settings","newCommandTimeout":1800,"platformVersion":"10","automationName":"uiautomator2","autoGrantPermissions":true,"platformName":"Android","udid":"d01f10e9","deviceName":"Xiaomi POCOPHONE F1 (Android 10)","platform":"ANDROID","systemPort":8210},"capabilities":{"firstMatch":[{"appium:appActivity":".Settings","appium:appPackage":"com.android.settings","appium:autoGrantPermissions":true,"appium:automationName":"uiautomator2","appium:deviceName":"Xiaomi POCOPHONE F1 (Android 10)","appium:newCommandTimeout":1800,"platform":"ANDROID","platformName":"android","appium:platformVersion":"10","appium:systemPort":8210,"appium:udid":"d01f10e9"}]}}[39m
[35m[BaseDriver][39m The following capabilities are not standard capabilities and should have an extension prefix:
[35m[BaseDriver][39m   platform
[35m[BaseDriver][39m   chromedriverPort
[35m[Appium][39m Appium v1.22.3 creating new AndroidUiautomator2Driver (v1.70.1) session
[35m[BaseDriver][39m The following capabilities were provided, but are not recognized by Appium:
[35m[BaseDriver][39m   platform
[35m[BaseDriver][39m Session created with session id: 605139a2-a968-4b1d-b0d4-f04f2a63e4d2
[35m[UiAutomator2][39m Starting 'com.android.settings' directly on the device
[35m[ADB][39m Found 1 'build-tools' folders under 'C:\Users\Ilham Pandu Putra\.katalon\tools\android_sdk' (newest first):
[35m[ADB][39m     C:/Users/Ilham Pandu Putra/.katalon/tools/android_sdk/build-tools/29.0.3
[35m[ADB][39m Using 'adb.exe' from 'C:\Users\Ilham Pandu Putra\.katalon\tools\android_sdk\platform-tools\adb.exe'
[35m[AndroidDriver][39m Retrieving device list
[35m[AndroidDriver][39m Using device: d01f10e9
[35m[ADB][39m Using 'adb.exe' from 'C:\Users\Ilham Pandu Putra\.katalon\tools\android_sdk\platform-tools\adb.exe'
[35m[ADB][39m Getting device platform version
[35m[UiAutomator2][39m Relaxing hidden api policy
[35m[AndroidDriver][39m No app sent in, not parsing package/activity
[35m[ADB][39m Using 'apksigner.jar' from 'C:\Users\Ilham Pandu Putra\.katalon\tools\android_sdk\build-tools\29.0.3\lib\apksigner.jar'
[35m[ADB][39m 'C:\Users\Ilham Pandu Putra\AppData\Roaming\npm\node_modules\appium\node_modules\appium-uiautomator2-server\apks\appium-uiautomator2-server-v4.27.0.apk' is signed with the default certificate
[35m[ADB][39m 'C:\Users\Ilham Pandu Putra\AppData\Roaming\npm\node_modules\appium\node_modules\appium-uiautomator2-server\apks\appium-uiautomator2-server-debug-androidTest.apk' is signed with the default certificate
[35m[UiAutomator2][39m Server packages are not going to be (re)installed
[35m[ADB][39m Adding packages ["io.appium.settings","io.appium.uiautomator2.server","io.appium.uiautomator2.server.test"] to Doze whitelist
[35m[UiAutomator2][39m Starting UIAutomator2 server 4.27.0
[35m[UiAutomator2][39m Using UIAutomator2 server from 'C:\Users\Ilham Pandu Putra\AppData\Roaming\npm\node_modules\appium\node_modules\appium-uiautomator2-server\apks\appium-uiautomator2-server-v4.27.0.apk' and test from 'C:\Users\Ilham Pandu Putra\AppData\Roaming\npm\node_modules\appium\node_modules\appium-uiautomator2-server\apks\appium-uiautomator2-server-debug-androidTest.apk'
[35m[UiAutomator2][39m Waiting up to 30000ms for UiAutomator2 to be online...
[35m[WD Proxy][39m socket hang up
[35m[WD Proxy][39m socket hang up
[35m[WD Proxy][39m socket hang up
[35m[WD Proxy][39m socket hang up
[35m[WD Proxy][39m Determined the downstream protocol as 'W3C'
[35m[AndroidDriver][39m Screen already unlocked, doing nothing
[35m[UiAutomator2][39m Starting 'com.android.settings/.Settings and waiting for 'com.android.settings/.Settings'
[35m[Appium][39m New AndroidUiautomator2Driver session created successfully, session 605139a2-a968-4b1d-b0d4-f04f2a63e4d2 added to master session list
[35m[HTTP][39m [37m<-- POST /wd/hub/session [39m[32m200[39m [90m13212 ms - 1151[39m
[35m[HTTP][39m [90m[39m
[35m[HTTP][39m [37m-->[39m [37mGET[39m [37m/wd/hub/session/605139a2-a968-4b1d-b0d4-f04f2a63e4d2[39m
[35m[HTTP][39m [90m{}[39m
[35m[HTTP][39m [37m<-- GET /wd/hub/session/605139a2-a968-4b1d-b0d4-f04f2a63e4d2 [39m[32m200[39m [90m29 ms - 1105[39m
[35m[HTTP][39m [90m[39m
[35m[HTTP][39m [37m-->[39m [37mGET[39m [37m/wd/hub/session/605139a2-a968-4b1d-b0d4-f04f2a63e4d2[39m
[35m[HTTP][39m [90m{}[39m
[35m[HTTP][39m [37m<-- GET /wd/hub/session/605139a2-a968-4b1d-b0d4-f04f2a63e4d2 [39m[32m200[39m [90m44 ms - 1105[39m
[35m[HTTP][39m [90m[39m
[35m[HTTP][39m [37m-->[39m [37mGET[39m [37m/wd/hub/status[39m
[35m[HTTP][39m [90m{}[39m
[35m[HTTP][39m [37m<-- GET /wd/hub/status [39m[32m200[39m [90m4 ms - 68[39m
[35m[HTTP][39m [90m[39m
[35m[HTTP][39m [37m-->[39m [37mPOST[39m [37m/wd/hub/session/605139a2-a968-4b1d-b0d4-f04f2a63e4d2/timeouts[39m
[35m[HTTP][39m [90m{"implicit":60000}[39m
[35m[HTTP][39m [37m<-- POST /wd/hub/session/605139a2-a968-4b1d-b0d4-f04f2a63e4d2/timeouts [39m[32m200[39m [90m13 ms - 14[39m
[35m[HTTP][39m [90m[39m
[35m[HTTP][39m [37m-->[39m [37mGET[39m [37m/wd/hub/session/605139a2-a968-4b1d-b0d4-f04f2a63e4d2/screenshot[39m
[35m[HTTP][39m [90m{}[39m
[35m[HTTP][39m [37m<-- GET /wd/hub/session/605139a2-a968-4b1d-b0d4-f04f2a63e4d2/screenshot [39m[32m200[39m [90m936 ms - 144486[39m
[35m[HTTP][39m [90m[39m
[35m[HTTP][39m [37m-->[39m [37mGET[39m [37m/wd/hub/session/605139a2-a968-4b1d-b0d4-f04f2a63e4d2/window/rect[39m
[35m[HTTP][39m [90m{}[39m
[35m[HTTP][39m [37m<-- GET /wd/hub/session/605139a2-a968-4b1d-b0d4-f04f2a63e4d2/window/rect [39m[32m200[39m [90m27 ms - 50[39m
[35m[HTTP][39m [90m[39m
[35m[HTTP][39m [37m-->[39m [37mGET[39m [37m/wd/hub/session/605139a2-a968-4b1d-b0d4-f04f2a63e4d2/appium/device/system_bars[39m
[35m[HTTP][39m [90m{}[39m
[35m[HTTP][39m [37m<-- GET /wd/hub/session/605139a2-a968-4b1d-b0d4-f04f2a63e4d2/appium/device/system_bars [39m[32m200[39m [90m183 ms - 148[39m
[35m[HTTP][39m [90m[39m
[35m[HTTP][39m [37m-->[39m [37mPOST[39m [37m/wd/hub/session/605139a2-a968-4b1d-b0d4-f04f2a63e4d2/appium/device/activate_app[39m
[35m[HTTP][39m [90m{"bundleId":"com.wdiodemoapp"}[39m
[35m[HTTP][39m [37m<-- POST /wd/hub/session/605139a2-a968-4b1d-b0d4-f04f2a63e4d2/appium/device/activate_app [39m[32m200[39m [90m837 ms - 14[39m
[35m[HTTP][39m [90m[39m
[35m[HTTP][39m [37m-->[39m [37mGET[39m [37m/wd/hub/session/605139a2-a968-4b1d-b0d4-f04f2a63e4d2/source[39m
[35m[HTTP][39m [90m{}[39m
[35m[W3C (605139a2)][39m Driver proxy active, passing request on via HTTP proxy
[35m[WD Proxy][39m Replacing sessionId 97daa2e4-b143-467f-8420-39b2fd4b6646 with 605139a2-a968-4b1d-b0d4-f04f2a63e4d2
[35m[HTTP][39m [37m<-- GET /wd/hub/session/605139a2-a968-4b1d-b0d4-f04f2a63e4d2/source [39m[32m200[39m [90m1762 ms - 16357[39m
[35m[HTTP][39m [90m[39m
[35m[HTTP][39m [37m-->[39m [37mGET[39m [37m/wd/hub/session/605139a2-a968-4b1d-b0d4-f04f2a63e4d2/screenshot[39m
[35m[HTTP][39m [90m{}[39m
[35m[HTTP][39m [37m<-- GET /wd/hub/session/605139a2-a968-4b1d-b0d4-f04f2a63e4d2/screenshot [39m[32m200[39m [90m1041 ms - 214920[39m
[35m[HTTP][39m [90m[39m
[35m[HTTP][39m [37m-->[39m [37mPOST[39m [37m/wd/hub/session/605139a2-a968-4b1d-b0d4-f04f2a63e4d2/elements[39m
[35m[HTTP][39m [90m{"using":"xpath","value":"//*[@class = 'android.widget.Button' and (@text = '' or . = '')]"}[39m
[35m[HTTP][39m [37m<-- POST /wd/hub/session/605139a2-a968-4b1d-b0d4-f04f2a63e4d2/elements [39m[32m200[39m [90m621 ms - 779[39m
[35m[HTTP][39m [90m[39m
[35m[HTTP][39m [37m-->[39m [37mPOST[39m [37m/wd/hub/session/605139a2-a968-4b1d-b0d4-f04f2a63e4d2/elements[39m
[35m[HTTP][39m [90m{"using":"accessibility id","value":"Webview"}[39m
[35m[HTTP][39m [37m<-- POST /wd/hub/session/605139a2-a968-4b1d-b0d4-f04f2a63e4d2/elements [39m[32m200[39m [90m92 ms - 139[39m
[35m[HTTP][39m [90m[39m
[35m[HTTP][39m [37m-->[39m [37mGET[39m [37m/wd/hub/session/605139a2-a968-4b1d-b0d4-f04f2a63e4d2/window/rect[39m
[35m[HTTP][39m [90m{}[39m
[35m[HTTP][39m [37m<-- GET /wd/hub/session/605139a2-a968-4b1d-b0d4-f04f2a63e4d2/window/rect [39m[32m200[39m [90m31 ms - 50[39m
[35m[HTTP][39m [90m[39m
[35m[HTTP][39m [37m-->[39m [37mPOST[39m [37m/wd/hub/session/605139a2-a968-4b1d-b0d4-f04f2a63e4d2/elements[39m
[35m[HTTP][39m [90m{"using":"accessibility id","value":"Webview"}[39m
[35m[HTTP][39m [37m<-- POST /wd/hub/session/605139a2-a968-4b1d-b0d4-f04f2a63e4d2/elements [39m[32m200[39m [90m111 ms - 139[39m
[35m[HTTP][39m [90m[39m
[35m[HTTP][39m [37m-->[39m [37mGET[39m [37m/wd/hub/session/605139a2-a968-4b1d-b0d4-f04f2a63e4d2/element/00000000-0000-001d-ffff-ffff0000001a/location[39m
[35m[HTTP][39m [90m{}[39m
[35m[W3C (605139a2)][39m Driver proxy active, passing request on via HTTP proxy
[35m[WD Proxy][39m Replacing sessionId 97daa2e4-b143-467f-8420-39b2fd4b6646 with 605139a2-a968-4b1d-b0d4-f04f2a63e4d2
[35m[HTTP][39m [37m<-- GET /wd/hub/session/605139a2-a968-4b1d-b0d4-f04f2a63e4d2/element/00000000-0000-001d-ffff-ffff0000001a/location [39m[32m200[39m [90m44 ms - 79[39m
[35m[HTTP][39m [90m[39m
[35m[HTTP][39m [37m-->[39m [37mPOST[39m [37m/wd/hub/session/605139a2-a968-4b1d-b0d4-f04f2a63e4d2/touch/perform[39m
[35m[HTTP][39m [90m{"actions":[{"action":"longPress","options":{"element":"00000000-0000-001d-ffff-ffff0000001a"}},{"action":"release","options":{}}]}[39m
[35m[UiAutomator2][39m calling get location: 00000000-0000-001d-ffff-ffff0000001a
[35m[HTTP][39m [37m<-- POST /wd/hub/session/605139a2-a968-4b1d-b0d4-f04f2a63e4d2/touch/perform [39m[32m200[39m [90m2681 ms - 14[39m
[35m[HTTP][39m [90m[39m
[35m[HTTP][39m [37m-->[39m [37mGET[39m [37m/wd/hub/session/605139a2-a968-4b1d-b0d4-f04f2a63e4d2/source[39m
[35m[HTTP][39m [90m{}[39m
[35m[W3C (605139a2)][39m Driver proxy active, passing request on via HTTP proxy
[35m[WD Proxy][39m Replacing sessionId 97daa2e4-b143-467f-8420-39b2fd4b6646 with 605139a2-a968-4b1d-b0d4-f04f2a63e4d2
[35m[HTTP][39m [37m<-- GET /wd/hub/session/605139a2-a968-4b1d-b0d4-f04f2a63e4d2/source [39m[32m200[39m [90m198 ms - 16357[39m
[35m[HTTP][39m [90m[39m
[35m[HTTP][39m [37m-->[39m [37mGET[39m [37m/wd/hub/session/605139a2-a968-4b1d-b0d4-f04f2a63e4d2/screenshot[39m
[35m[HTTP][39m [90m{}[39m
[35m[HTTP][39m [37m<-- GET /wd/hub/session/605139a2-a968-4b1d-b0d4-f04f2a63e4d2/screenshot [39m[32m200[39m [90m1048 ms - 215532[39m
[35m[HTTP][39m [90m[39m
[35m[HTTP][39m [37m-->[39m [37mPOST[39m [37m/wd/hub/session/605139a2-a968-4b1d-b0d4-f04f2a63e4d2/elements[39m
[35m[HTTP][39m [90m{"using":"xpath","value":"//*[@class = 'android.widget.TextView' and (@text = '󰖟' or . = '󰖟')]"}[39m
[35m[HTTP][39m [37m<-- POST /wd/hub/session/605139a2-a968-4b1d-b0d4-f04f2a63e4d2/elements [39m[32m200[39m [90m191 ms - 139[39m
[35m[HTTP][39m [90m[39m
[35m[HTTP][39m [37m-->[39m [37mGET[39m [37m/wd/hub/session/605139a2-a968-4b1d-b0d4-f04f2a63e4d2/window/rect[39m
[35m[HTTP][39m [90m{}[39m
[35m[HTTP][39m [37m<-- GET /wd/hub/session/605139a2-a968-4b1d-b0d4-f04f2a63e4d2/window/rect [39m[32m200[39m [90m29 ms - 50[39m
[35m[HTTP][39m [90m[39m
[35m[HTTP][39m [37m-->[39m [37mPOST[39m [37m/wd/hub/session/605139a2-a968-4b1d-b0d4-f04f2a63e4d2/elements[39m
[35m[HTTP][39m [90m{"using":"xpath","value":"//*[@class = 'android.widget.TextView' and (@text = '󰖟' or . = '󰖟')]"}[39m
[35m[HTTP][39m [37m<-- POST /wd/hub/session/605139a2-a968-4b1d-b0d4-f04f2a63e4d2/elements [39m[32m200[39m [90m178 ms - 139[39m
[35m[HTTP][39m [90m[39m
[35m[HTTP][39m [37m-->[39m [37mGET[39m [37m/wd/hub/session/605139a2-a968-4b1d-b0d4-f04f2a63e4d2/element/00000000-0000-001d-ffff-ffff0000001d/location[39m
[35m[HTTP][39m [90m{}[39m
[35m[W3C (605139a2)][39m Driver proxy active, passing request on via HTTP proxy
[35m[WD Proxy][39m Replacing sessionId 97daa2e4-b143-467f-8420-39b2fd4b6646 with 605139a2-a968-4b1d-b0d4-f04f2a63e4d2
[35m[HTTP][39m [37m<-- GET /wd/hub/session/605139a2-a968-4b1d-b0d4-f04f2a63e4d2/element/00000000-0000-001d-ffff-ffff0000001d/location [39m[32m200[39m [90m37 ms - 79[39m
[35m[HTTP][39m [90m[39m
[35m[HTTP][39m [37m-->[39m [37mPOST[39m [37m/wd/hub/session/605139a2-a968-4b1d-b0d4-f04f2a63e4d2/touch/perform[39m
[35m[HTTP][39m [90m{"actions":[{"action":"longPress","options":{"element":"00000000-0000-001d-ffff-ffff0000001d"}},{"action":"release","options":{}}]}[39m
[35m[UiAutomator2][39m calling get location: 00000000-0000-001d-ffff-ffff0000001d
[35m[HTTP][39m [37m<-- POST /wd/hub/session/605139a2-a968-4b1d-b0d4-f04f2a63e4d2/touch/perform [39m[32m200[39m [90m2668 ms - 14[39m
[35m[HTTP][39m [90m[39m
[35m[HTTP][39m [37m-->[39m [37mGET[39m [37m/wd/hub/session/605139a2-a968-4b1d-b0d4-f04f2a63e4d2/source[39m
[35m[HTTP][39m [90m{}[39m
[35m[W3C (605139a2)][39m Driver proxy active, passing request on via HTTP proxy
[35m[WD Proxy][39m Replacing sessionId 97daa2e4-b143-467f-8420-39b2fd4b6646 with 605139a2-a968-4b1d-b0d4-f04f2a63e4d2
[35m[HTTP][39m [37m<-- GET /wd/hub/session/605139a2-a968-4b1d-b0d4-f04f2a63e4d2/source [39m[32m200[39m [90m203 ms - 16357[39m
[35m[HTTP][39m [90m[39m
[35m[HTTP][39m [37m-->[39m [37mGET[39m [37m/wd/hub/session/605139a2-a968-4b1d-b0d4-f04f2a63e4d2/screenshot[39m
[35m[HTTP][39m [90m{}[39m
[35m[HTTP][39m [37m<-- GET /wd/hub/session/605139a2-a968-4b1d-b0d4-f04f2a63e4d2/screenshot [39m[32m200[39m [90m1068 ms - 215532[39m
[35m[HTTP][39m [90m[39m
[35m[HTTP][39m [37m-->[39m [37mPOST[39m [37m/wd/hub/session/605139a2-a968-4b1d-b0d4-f04f2a63e4d2/elements[39m
[35m[HTTP][39m [90m{"using":"xpath","value":"//*[@class = 'android.widget.TextView' and (@text = '󰖟' or . = '󰖟')]"}[39m
[35m[HTTP][39m [37m<-- POST /wd/hub/session/605139a2-a968-4b1d-b0d4-f04f2a63e4d2/elements [39m[32m200[39m [90m175 ms - 139[39m
[35m[HTTP][39m [90m[39m
[35m[HTTP][39m [37m-->[39m [37mGET[39m [37m/wd/hub/session/605139a2-a968-4b1d-b0d4-f04f2a63e4d2/window/rect[39m
[35m[HTTP][39m [90m{}[39m
[35m[HTTP][39m [37m<-- GET /wd/hub/session/605139a2-a968-4b1d-b0d4-f04f2a63e4d2/window/rect [39m[32m200[39m [90m26 ms - 50[39m
[35m[HTTP][39m [90m[39m
[35m[HTTP][39m [37m-->[39m [37mPOST[39m [37m/wd/hub/session/605139a2-a968-4b1d-b0d4-f04f2a63e4d2/elements[39m
[35m[HTTP][39m [90m{"using":"xpath","value":"//*[@class = 'android.widget.TextView' and (@text = '󰖟' or . = '󰖟')]"}[39m
[35m[HTTP][39m [37m<-- POST /wd/hub/session/605139a2-a968-4b1d-b0d4-f04f2a63e4d2/elements [39m[32m200[39m [90m136 ms - 139[39m
[35m[HTTP][39m [90m[39m
[35m[HTTP][39m [37m-->[39m [37mGET[39m [37m/wd/hub/session/605139a2-a968-4b1d-b0d4-f04f2a63e4d2/element/00000000-0000-001d-ffff-ffff0000001d/location[39m
[35m[HTTP][39m [90m{}[39m
[35m[W3C (605139a2)][39m Driver proxy active, passing request on via HTTP proxy
[35m[WD Proxy][39m Replacing sessionId 97daa2e4-b143-467f-8420-39b2fd4b6646 with 605139a2-a968-4b1d-b0d4-f04f2a63e4d2
[35m[HTTP][39m [37m<-- GET /wd/hub/session/605139a2-a968-4b1d-b0d4-f04f2a63e4d2/element/00000000-0000-001d-ffff-ffff0000001d/location [39m[32m200[39m [90m22 ms - 79[39m
[35m[HTTP][39m [90m[39m
[35m[HTTP][39m [37m-->[39m [37mPOST[39m [37m/wd/hub/session/605139a2-a968-4b1d-b0d4-f04f2a63e4d2/element/00000000-0000-001d-ffff-ffff0000001d/click[39m
[35m[HTTP][39m [90m{"id":"00000000-0000-001d-ffff-ffff0000001d"}[39m
[35m[HTTP][39m [37m<-- POST /wd/hub/session/605139a2-a968-4b1d-b0d4-f04f2a63e4d2/element/00000000-0000-001d-ffff-ffff0000001d/click [39m[32m200[39m [90m58 ms - 14[39m
[35m[HTTP][39m [90m[39m
[35m[HTTP][39m [37m-->[39m [37mGET[39m [37m/wd/hub/session/605139a2-a968-4b1d-b0d4-f04f2a63e4d2/source[39m
[35m[HTTP][39m [90m{}[39m
[35m[W3C (605139a2)][39m Driver proxy active, passing request on via HTTP proxy
[35m[WD Proxy][39m Replacing sessionId 97daa2e4-b143-467f-8420-39b2fd4b6646 with 605139a2-a968-4b1d-b0d4-f04f2a63e4d2
[35m[HTTP][39m [37m<-- GET /wd/hub/session/605139a2-a968-4b1d-b0d4-f04f2a63e4d2/source [39m[32m200[39m [90m323 ms - 15149[39m
[35m[HTTP][39m [90m[39m
[35m[HTTP][39m [37m-->[39m [37mGET[39m [37m/wd/hub/session/605139a2-a968-4b1d-b0d4-f04f2a63e4d2/screenshot[39m
[35m[HTTP][39m [90m{}[39m
[35m[HTTP][39m [37m<-- GET /wd/hub/session/605139a2-a968-4b1d-b0d4-f04f2a63e4d2/screenshot [39m[32m200[39m [90m858 ms - 70632[39m
[35m[HTTP][39m [90m[39m
[35m[HTTP][39m [37m-->[39m [37mPOST[39m [37m/wd/hub/session/605139a2-a968-4b1d-b0d4-f04f2a63e4d2/elements[39m
[35m[HTTP][39m [90m{"using":"xpath","value":"//*[@class = 'android.widget.TextView' and (@text = '󰍂' or . = '󰍂')]"}[39m
[35m[HTTP][39m [37m<-- POST /wd/hub/session/605139a2-a968-4b1d-b0d4-f04f2a63e4d2/elements [39m[32m200[39m [90m361 ms - 139[39m
[35m[HTTP][39m [90m[39m
[35m[HTTP][39m [37m-->[39m [37mGET[39m [37m/wd/hub/session/605139a2-a968-4b1d-b0d4-f04f2a63e4d2/window/rect[39m
[35m[HTTP][39m [90m{}[39m
[35m[HTTP][39m [37m<-- GET /wd/hub/session/605139a2-a968-4b1d-b0d4-f04f2a63e4d2/window/rect [39m[32m200[39m [90m15 ms - 50[39m
[35m[HTTP][39m [90m[39m
[35m[HTTP][39m [37m-->[39m [37mPOST[39m [37m/wd/hub/session/605139a2-a968-4b1d-b0d4-f04f2a63e4d2/elements[39m
[35m[HTTP][39m [90m{"using":"xpath","value":"//*[@class = 'android.widget.TextView' and (@text = '󰍂' or . = '󰍂')]"}[39m
[35m[HTTP][39m [37m<-- POST /wd/hub/session/605139a2-a968-4b1d-b0d4-f04f2a63e4d2/elements [39m[32m200[39m [90m697 ms - 139[39m
[35m[HTTP][39m [90m[39m
[35m[HTTP][39m [37m-->[39m [37mGET[39m [37m/wd/hub/session/605139a2-a968-4b1d-b0d4-f04f2a63e4d2/element/00000000-0000-001d-ffff-ffff00000022/location[39m
[35m[HTTP][39m [90m{}[39m
[35m[W3C (605139a2)][39m Driver proxy active, passing request on via HTTP proxy
[35m[WD Proxy][39m Replacing sessionId 97daa2e4-b143-467f-8420-39b2fd4b6646 with 605139a2-a968-4b1d-b0d4-f04f2a63e4d2
[35m[HTTP][39m [37m<-- GET /wd/hub/session/605139a2-a968-4b1d-b0d4-f04f2a63e4d2/element/00000000-0000-001d-ffff-ffff00000022/location [39m[32m200[39m [90m23 ms - 79[39m
[35m[HTTP][39m [90m[39m
[35m[HTTP][39m [37m-->[39m [37mPOST[39m [37m/wd/hub/session/605139a2-a968-4b1d-b0d4-f04f2a63e4d2/element/00000000-0000-001d-ffff-ffff00000022/click[39m
[35m[HTTP][39m [90m{"id":"00000000-0000-001d-ffff-ffff00000022"}[39m
[35m[HTTP][39m [37m<-- POST /wd/hub/session/605139a2-a968-4b1d-b0d4-f04f2a63e4d2/element/00000000-0000-001d-ffff-ffff00000022/click [39m[32m200[39m [90m75 ms - 14[39m
[35m[HTTP][39m [90m[39m
[35m[HTTP][39m [37m-->[39m [37mGET[39m [37m/wd/hub/session/605139a2-a968-4b1d-b0d4-f04f2a63e4d2/source[39m
[35m[HTTP][39m [90m{}[39m
[35m[W3C (605139a2)][39m Driver proxy active, passing request on via HTTP proxy
[35m[WD Proxy][39m Replacing sessionId 97daa2e4-b143-467f-8420-39b2fd4b6646 with 605139a2-a968-4b1d-b0d4-f04f2a63e4d2
[35m[HTTP][39m [37m<-- GET /wd/hub/session/605139a2-a968-4b1d-b0d4-f04f2a63e4d2/source [39m[32m200[39m [90m530 ms - 26203[39m
[35m[HTTP][39m [90m[39m
[35m[HTTP][39m [37m-->[39m [37mGET[39m [37m/wd/hub/session/605139a2-a968-4b1d-b0d4-f04f2a63e4d2/screenshot[39m
[35m[HTTP][39m [90m{}[39m
[35m[HTTP][39m [37m<-- GET /wd/hub/session/605139a2-a968-4b1d-b0d4-f04f2a63e4d2/screenshot [39m[32m200[39m [90m986 ms - 148706[39m
[35m[HTTP][39m [90m[39m
[35m[HTTP][39m [37m-->[39m [37mPOST[39m [37m/wd/hub/session/605139a2-a968-4b1d-b0d4-f04f2a63e4d2/elements[39m
[35m[HTTP][39m [90m{"using":"xpath","value":"//*[@class = 'android.widget.EditText' and (@text = 'Email' or . = 'Email')]"}[39m
[35m[HTTP][39m [37m<-- POST /wd/hub/session/605139a2-a968-4b1d-b0d4-f04f2a63e4d2/elements [39m[32m200[39m [90m191 ms - 139[39m
[35m[HTTP][39m [90m[39m
[35m[HTTP][39m [37m-->[39m [37mGET[39m [37m/wd/hub/session/605139a2-a968-4b1d-b0d4-f04f2a63e4d2/window/rect[39m
[35m[HTTP][39m [90m{}[39m
[35m[HTTP][39m [37m<-- GET /wd/hub/session/605139a2-a968-4b1d-b0d4-f04f2a63e4d2/window/rect [39m[32m200[39m [90m37 ms - 50[39m
[35m[HTTP][39m [90m[39m
[35m[HTTP][39m [37m-->[39m [37mPOST[39m [37m/wd/hub/session/605139a2-a968-4b1d-b0d4-f04f2a63e4d2/elements[39m
[35m[HTTP][39m [90m{"using":"xpath","value":"//*[@class = 'android.widget.EditText' and (@text = 'Email' or . = 'Email')]"}[39m
[35m[HTTP][39m [37m<-- POST /wd/hub/session/605139a2-a968-4b1d-b0d4-f04f2a63e4d2/elements [39m[32m200[39m [90m215 ms - 139[39m
[35m[HTTP][39m [90m[39m
[35m[HTTP][39m [37m-->[39m [37mGET[39m [37m/wd/hub/session/605139a2-a968-4b1d-b0d4-f04f2a63e4d2/element/00000000-0000-001d-ffff-ffff0000005b/location[39m
[35m[HTTP][39m [90m{}[39m
[35m[W3C (605139a2)][39m Driver proxy active, passing request on via HTTP proxy
[35m[WD Proxy][39m Replacing sessionId 97daa2e4-b143-467f-8420-39b2fd4b6646 with 605139a2-a968-4b1d-b0d4-f04f2a63e4d2
[35m[HTTP][39m [37m<-- GET /wd/hub/session/605139a2-a968-4b1d-b0d4-f04f2a63e4d2/element/00000000-0000-001d-ffff-ffff0000005b/location [39m[32m200[39m [90m26 ms - 78[39m
[35m[HTTP][39m [90m[39m
[35m[HTTP][39m [37m-->[39m [37mPOST[39m [37m/wd/hub/session/605139a2-a968-4b1d-b0d4-f04f2a63e4d2/element/00000000-0000-001d-ffff-ffff0000005b/clear[39m
[35m[HTTP][39m [90m{"id":"00000000-0000-001d-ffff-ffff0000005b"}[39m
[35m[HTTP][39m [37m<-- POST /wd/hub/session/605139a2-a968-4b1d-b0d4-f04f2a63e4d2/element/00000000-0000-001d-ffff-ffff0000005b/clear [39m[32m200[39m [90m33 ms - 14[39m
[35m[HTTP][39m [90m[39m
[35m[HTTP][39m [37m-->[39m [37mPOST[39m [37m/wd/hub/session/605139a2-a968-4b1d-b0d4-f04f2a63e4d2/element/00000000-0000-001d-ffff-ffff0000005b/value[39m
[35m[HTTP][39m [90m{"id":"00000000-0000-001d-ffff-ffff0000005b","text":"ilham test","value":["i","l","h","a","m"," ","t","e","s","t"]}[39m
[35m[HTTP][39m [37m<-- POST /wd/hub/session/605139a2-a968-4b1d-b0d4-f04f2a63e4d2/element/00000000-0000-001d-ffff-ffff0000005b/value [39m[32m200[39m [90m1035 ms - 14[39m
[35m[HTTP][39m [90m[39m
[35m[HTTP][39m [37m-->[39m [37mGET[39m [37m/wd/hub/session/605139a2-a968-4b1d-b0d4-f04f2a63e4d2/source[39m
[35m[HTTP][39m [90m{}[39m
[35m[W3C (605139a2)][39m Driver proxy active, passing request on via HTTP proxy
[35m[WD Proxy][39m Replacing sessionId 97daa2e4-b143-467f-8420-39b2fd4b6646 with 605139a2-a968-4b1d-b0d4-f04f2a63e4d2
[35m[HTTP][39m [37m<-- GET /wd/hub/session/605139a2-a968-4b1d-b0d4-f04f2a63e4d2/source [39m[32m200[39m [90m292 ms - 26208[39m
[35m[HTTP][39m [90m[39m
[35m[HTTP][39m [37m-->[39m [37mGET[39m [37m/wd/hub/session/605139a2-a968-4b1d-b0d4-f04f2a63e4d2/screenshot[39m
[35m[HTTP][39m [90m{}[39m
[35m[HTTP][39m [37m<-- GET /wd/hub/session/605139a2-a968-4b1d-b0d4-f04f2a63e4d2/screenshot [39m[32m200[39m [90m974 ms - 152798[39m
[35m[HTTP][39m [90m[39m
[35m[HTTP][39m [37m-->[39m [37mDELETE[39m [37m/wd/hub/session/605139a2-a968-4b1d-b0d4-f04f2a63e4d2[39m
[35m[HTTP][39m [90m{}[39m
[35m[Appium][39m Removing session 605139a2-a968-4b1d-b0d4-f04f2a63e4d2 from our master session list
[35m[UiAutomator2][39m Restoring hidden api policy to the device default configuration
[35m[HTTP][39m [37m<-- DELETE /wd/hub/session/605139a2-a968-4b1d-b0d4-f04f2a63e4d2 [39m[32m200[39m [90m675 ms - 14[39m
[35m[HTTP][39m [90m[39m
